# JRE version: OpenJDK Runtime Environment (8.0_242-b01) (build 1.8.0_242-release-1644-b01)
# Java VM: OpenJDK 64-Bit Server VM (25.242-b01 mixed mode windows-amd64 compressed oops)
Heap:
 PSYoungGen      total 308224K, used 126338K [0x00000000d5580000, 0x00000000ea080000, 0x0000000100000000)
  eden space 277504K, 34% used [0x00000000d5580000,0x00000000db2e4e70,0x00000000e6480000)
  from space 30720K, 99% used [0x00000000e6480000,0x00000000e827bca0,0x00000000e8280000)
  to   space 25088K, 0% used [0x00000000e8800000,0x00000000e8800000,0x00000000ea080000)
 ParOldGen       total 111104K, used 70789K [0x0000000080000000, 0x0000000086c80000, 0x00000000d5580000)
  object space 111104K, 63% used [0x0000000080000000,0x0000000084521708,0x0000000086c80000)
 Metaspace       used 85142K, capacity 89416K, committed 89752K, reserved 1126400K
  class space    used 11563K, capacity 12376K, committed 12464K, reserved 1048576K
GC Heap History (10 events):
Event: 13.872 GC heap before
{Heap before GC invocations=14 (full 2):
 PSYoungGen      total 185344K, used 26227K [0x00000000d5580000, 0x00000000e5580000, 0x0000000100000000)
  eden space 171520K, 7% used [0x00000000d5580000,0x00000000d61a19c8,0x00000000dfd00000)
  from space 13824K, 99% used [0x00000000dfd00000,0x00000000e0a7b540,0x00000000e0a80000)
  to   space 20480K, 0% used [0x00000000e4180000,0x00000000e4180000,0x00000000e5580000)
 ParOldGen       total 74752K, used 30330K [0x0000000080000000, 0x0000000084900000, 0x00000000d5580000)
  object space 74752K, 40% used [0x0000000080000000,0x0000000081d9eb08,0x0000000084900000)
 Metaspace       used 56799K, capacity 59126K, committed 59160K, reserved 1099776K
  class space    used 7766K, capacity 8236K, committed 8240K, reserved 1048576K
Event: 13.884 GC heap after
Heap after GC invocations=14 (full 2):
 PSYoungGen      total 241152K, used 1280K [0x00000000d5580000, 0x00000000e6080000, 0x0000000100000000)
  eden space 220672K, 0% used [0x00000000d5580000,0x00000000d5580000,0x00000000e2d00000)
  from space 20480K, 6% used [0x00000000e4180000,0x00000000e42c0000,0x00000000e5580000)
  to   space 20992K, 0% used [0x00000000e2d00000,0x00000000e2d00000,0x00000000e4180000)
 ParOldGen       total 74752K, used 41254K [0x0000000080000000, 0x0000000084900000, 0x00000000d5580000)
  object space 74752K, 55% used [0x0000000080000000,0x0000000082849a48,0x0000000084900000)
 Metaspace       used 56799K, capacity 59126K, committed 59160K, reserved 1099776K
  class space    used 7766K, capacity 8236K, committed 8240K, reserved 1048576K
}
Event: 13.884 GC heap before
{Heap before GC invocations=15 (full 3):
 PSYoungGen      total 241152K, used 1280K [0x00000000d5580000, 0x00000000e6080000, 0x0000000100000000)
  eden space 220672K, 0% used [0x00000000d5580000,0x00000000d5580000,0x00000000e2d00000)
  from space 20480K, 6% used [0x00000000e4180000,0x00000000e42c0000,0x00000000e5580000)
  to   space 20992K, 0% used [0x00000000e2d00000,0x00000000e2d00000,0x00000000e4180000)
 ParOldGen       total 74752K, used 41254K [0x0000000080000000, 0x0000000084900000, 0x00000000d5580000)
  object space 74752K, 55% used [0x0000000080000000,0x0000000082849a48,0x0000000084900000)
 Metaspace       used 56799K, capacity 59126K, committed 59160K, reserved 1099776K
  class space    used 7766K, capacity 8236K, committed 8240K, reserved 1048576K
Event: 14.108 GC heap after
Heap after GC invocations=15 (full 3):
 PSYoungGen      total 241152K, used 0K [0x00000000d5580000, 0x00000000e6080000, 0x0000000100000000)
  eden space 220672K, 0% used [0x00000000d5580000,0x00000000d5580000,0x00000000e2d00000)
  from space 20480K, 0% used [0x00000000e4180000,0x00000000e4180000,0x00000000e5580000)
  to   space 20992K, 0% used [0x00000000e2d00000,0x00000000e2d00000,0x00000000e4180000)
 ParOldGen       total 111104K, used 30011K [0x0000000080000000, 0x0000000086c80000, 0x00000000d5580000)
  object space 111104K, 27% used [0x0000000080000000,0x0000000081d4ed60,0x0000000086c80000)
 Metaspace       used 56786K, capacity 59084K, committed 59160K, reserved 1099776K
  class space    used 7763K, capacity 8229K, committed 8240K, reserved 1048576K
}
Event: 17.701 GC heap before
{Heap before GC invocations=16 (full 3):
 PSYoungGen      total 241152K, used 219393K [0x00000000d5580000, 0x00000000e6080000, 0x0000000100000000)
  eden space 220672K, 99% used [0x00000000d5580000,0x00000000e2bc0508,0x00000000e2d00000)
  from space 20480K, 0% used [0x00000000e4180000,0x00000000e4180000,0x00000000e5580000)
  to   space 20992K, 0% used [0x00000000e2d00000,0x00000000e2d00000,0x00000000e4180000)
 ParOldGen       total 111104K, used 30011K [0x0000000080000000, 0x0000000086c80000, 0x00000000d5580000)
  object space 111104K, 27% used [0x0000000080000000,0x0000000081d4ed60,0x0000000086c80000)
 Metaspace       used 64874K, capacity 67790K, committed 67864K, reserved 1107968K
  class space    used 8918K, capacity 9496K, committed 9520K, reserved 1048576K
Event: 17.765 GC heap after
Heap after GC invocations=16 (full 3):
 PSYoungGen      total 241664K, used 20961K [0x00000000d5580000, 0x00000000ea500000, 0x0000000100000000)
  eden space 220672K, 0% used [0x00000000d5580000,0x00000000d5580000,0x00000000e2d00000)
  from space 20992K, 99% used [0x00000000e2d00000,0x00000000e4178618,0x00000000e4180000)
  to   space 29696K, 0% used [0x00000000e8800000,0x00000000e8800000,0x00000000ea500000)
 ParOldGen       total 111104K, used 45048K [0x0000000080000000, 0x0000000086c80000, 0x00000000d5580000)
  object space 111104K, 40% used [0x0000000080000000,0x0000000082bfe120,0x0000000086c80000)
 Metaspace       used 64874K, capacity 67790K, committed 67864K, reserved 1107968K
  class space    used 8918K, capacity 9496K, committed 9520K, reserved 1048576K
}
Event: 30.362 GC heap before
{Heap before GC invocations=17 (full 3):
 PSYoungGen      total 241664K, used 241633K [0x00000000d5580000, 0x00000000ea500000, 0x0000000100000000)
  eden space 220672K, 100% used [0x00000000d5580000,0x00000000e2d00000,0x00000000e2d00000)
  from space 20992K, 99% used [0x00000000e2d00000,0x00000000e4178618,0x00000000e4180000)
  to   space 29696K, 0% used [0x00000000e8800000,0x00000000e8800000,0x00000000ea500000)
 ParOldGen       total 111104K, used 45048K [0x0000000080000000, 0x0000000086c80000, 0x00000000d5580000)
  object space 111104K, 40% used [0x0000000080000000,0x0000000082bfe120,0x0000000086c80000)
 Metaspace       used 69950K, capacity 73198K, committed 73368K, reserved 1112064K
  class space    used 9504K, capacity 10134K, committed 10160K, reserved 1048576K
Event: 30.446 GC heap after
Heap after GC invocations=17 (full 3):
 PSYoungGen      total 302592K, used 18956K [0x00000000d5580000, 0x00000000ea080000, 0x0000000100000000)
  eden space 277504K, 0% used [0x00000000d5580000,0x00000000d5580000,0x00000000e6480000)
  from space 25088K, 75% used [0x00000000e8800000,0x00000000e9a83230,0x00000000ea080000)
  to   space 30720K, 0% used [0x00000000e6480000,0x00000000e6480000,0x00000000e8280000)
 ParOldGen       total 111104K, used 63569K [0x0000000080000000, 0x0000000086c80000, 0x00000000d5580000)
  object space 111104K, 57% used [0x0000000080000000,0x0000000083e14688,0x0000000086c80000)
 Metaspace       used 69950K, capacity 73198K, committed 73368K, reserved 1112064K
  class space    used 9504K, capacity 10134K, committed 10160K, reserved 1048576K
}
Event: 33.240 GC heap before
{Heap before GC invocations=18 (full 3):
 PSYoungGen      total 302592K, used 296460K [0x00000000d5580000, 0x00000000ea080000, 0x0000000100000000)
  eden space 277504K, 100% used [0x00000000d5580000,0x00000000e6480000,0x00000000e6480000)
  from space 25088K, 75% used [0x00000000e8800000,0x00000000e9a83230,0x00000000ea080000)
  to   space 30720K, 0% used [0x00000000e6480000,0x00000000e6480000,0x00000000e8280000)
 ParOldGen       total 111104K, used 63569K [0x0000000080000000, 0x0000000086c80000, 0x00000000d5580000)
  object space 111104K, 57% used [0x0000000080000000,0x0000000083e14688,0x0000000086c80000)
 Metaspace       used 77357K, capacity 80806K, committed 80920K, reserved 1120256K
  class space    used 10409K, capacity 11031K, committed 11056K, reserved 1048576K
Event: 33.309 GC heap after
Heap after GC invocations=18 (full 3):
 PSYoungGen      total 308224K, used 30703K [0x00000000d5580000, 0x00000000ea080000, 0x0000000100000000)
  eden space 277504K, 0% used [0x00000000d5580000,0x00000000d5580000,0x00000000e6480000)
  from space 30720K, 99% used [0x00000000e6480000,0x00000000e827bca0,0x00000000e8280000)
  to   space 25088K, 0% used [0x00000000e8800000,0x00000000e8800000,0x00000000ea080000)
 ParOldGen       total 111104K, used 70789K [0x0000000080000000, 0x0000000086c80000, 0x00000000d5580000)
  object space 111104K, 63% used [0x0000000080000000,0x0000000084521708,0x0000000086c80000)
 Metaspace       used 77357K, capacity 80806K, committed 80920K, reserved 1120256K
  class space    used 10409K, capacity 11031K, committed 11056K, reserved 1048576K
}

